


materialPath: C:\Program Files\Steam\SteamApps\sourcemods\alienswarmdirectormod\materials
Loading C:\Program Files\Steam\SteamApps\sourcemods\alienswarmdirectormod\maps\customOuput3.vmf
fixing up env_cubemap materials on brush sides...
0...1...2...3...4...5...6...7...8...9...100...1...2...3...4...5...6...7...8...9...10Processing areas...done (0)
Building Faces...done (0)
Chop Details...done (0)
Find Visible Detail Sides...
Merged 316 detail faces...done (0)
Merging details...done (0)
FixTjuncs...
PruneNodes...
WriteBSP...
done (0)
writing C:\Program Files\Steam\SteamApps\sourcemods\alienswarmdirectormod\maps\customOuput3.prt...Building visibility clusters...
done (0)
Finding displacement neighbors...
Finding lightmap sample positions...
Displacement Alpha : 0...1...2...3...4...5...6...7...8...9...10
Building Physics collision data...
done (0) (182556 bytes)
Error! prop_static using model "models/props/vents/vent_01/vent_01.mdl", which must be used on a dynamic entity (i.e. prop_physics). Deleted.
Error loading studio model "models/props/vents/vent_01/vent_01.mdl"!
Placing detail props : 0...1...2...3...4...5...6...7...8...9...10
Compacting texture/material tables...
Reduced 1440 texinfos to 669
Reduced 30 texdatas to 23 (748 bytes to 510)
Writing C:\Program Files\Steam\SteamApps\sourcemods\alienswarmdirectormod\maps\customOuput3.bsp
1 second elapsed



4 threads
reading c:\program files\steam\steamapps\sourcemods\alienswarmdirectormod\maps\customOuput3.bsp
reading c:\program files\steam\steamapps\sourcemods\alienswarmdirectormod\maps\customOuput3.prt
  54 portalclusters
  93 numportals
0...1...2...3...4...5...6...7...8...9...100...1...2...3...4...5...6...7...8...9...10Optimized: 40 visible clusters (0.00%)
Total clusters visible: 1326
Average clusters visible: 24
Building PAS...
Average clusters audible: 47
visdatasize:1199  compressed from 864
writing c:\program files\steam\steamapps\sourcemods\alienswarmdirectormod\maps\customOuput3.bsp
0 seconds elapsed



[Reading texlights from 'lights.rad']
[45 texlights parsed from 'lights.rad']

Loading c:\program files\steam\steamapps\sourcemods\alienswarmdirectormod\maps\customOuput3.bsp
1580 faces
1 degenerate faces
1520275 square feet [218919616.00 square inches]
0 Displacements
0 Square Feet [0.00 Square Inches]
20 direct lights
0...1...2...3...4...5...6...7...8...9...10Build Patch/Sample Hash Table(s).....Done<0.0146 sec>
0...1...2...3...4...5...6...7...8...9...10FinalLightFace Done
0 of 0 (0% of) surface lights went in leaf ambient cubes.
0...1...2...3...4...5...6...7...8...9...10Writing leaf ambient...done
Computing static prop lighting : 00...1...2...3...4...5...6...7...8...9...10
Ready to Finish

Object names       Objects/Maxobjs  Memory / Maxmem  Fullness 
------------       ---------------  ---------------  -------- 
models                  51/1024         2448/49152    ( 5.0%) 
brushes                440/8192         5280/98304    ( 5.4%) 
brushsides            2848/65536       22784/524288   ( 4.3%) 
planes                1784/65536       35680/1310720  ( 2.7%) 
vertexes              2997/65536       35964/786432   ( 4.6%) 
nodes                  517/65536       16544/2097152  ( 0.8%) 
texinfos               669/12288       48168/884736   ( 5.4%) 
texdata                 23/2048          736/65536    ( 1.1%) 
dispinfos                0/0               0/0        ( 0.0%) 
disp_verts               0/0               0/0        ( 0.0%) 
disp_tris                0/0               0/0        ( 0.0%) 
disp_multiblend          0/0               0/0        ( 0.0%) 
disp_lmsamples           0/0               0/0        ( 0.0%) 
faces                 1580/65536       88480/3670016  ( 2.4%) 
hdr faces             1580/65536       88480/3670016  ( 2.4%) 
origfaces             1243/65536       69608/3670016  ( 1.9%) 
leaves                 569/65536       18208/2097152  ( 0.9%) 
leaffaces             1756/65536        3512/131072   ( 2.7%) 
leafbrushes            663/65536        1326/131072   ( 1.0%) 
areas                    2/256            16/2048     ( 0.8%) 
surfedges            12757/512000      51028/2048000  ( 2.5%) 
edges                 8120/256000      32480/1024000  ( 3.2%) 
LDR worldlights          0/8192            0/819200   ( 0.0%) 
HDR worldlights         20/8192         2000/819200   ( 0.2%) 
leafwaterdata            0/32768           0/393216   ( 0.0%) 
waterstrips            159/32768        1590/327680   ( 0.5%) 
waterverts               0/65536           0/786432   ( 0.0%) 
waterindices          3084/65536        6168/131072   ( 4.7%) 
cubemapsamples           0/1024            0/16384    ( 0.0%) 
overlays                26/512          9152/180224   ( 5.1%) 
LDR lightdata         [variable]           0/0        ( 0.0%) 
HDR lightdata         [variable]     4099448/0        ( 0.0%) 
visdata               [variable]        1199/16777216 ( 0.0%) 
entdata               [variable]      114787/393216   (29.2%) 
LDR ambient table      569/65536        2276/262144   ( 0.9%) 
HDR ambient table      569/65536        2276/262144   ( 0.9%) 
LDR leaf ambient       569/65536       15932/1835008  ( 0.9%) 
HDR leaf ambient       655/65536       18340/1835008  ( 1.0%) 
occluders                0/0               0/0        ( 0.0%) 
occluder polygons        0/0               0/0        ( 0.0%) 
occluder vert ind        0/0               0/0        ( 0.0%) 
Prop Hull Verts          0/0               0/0        ( 0.0%) 
Prop Hull Blob           0/0               0/0        ( 0.0%) 
Prop Hull Lists          0/0               0/0        ( 0.0%) 
Prop Hulls               0/0               0/0        ( 0.0%) 
Prop Hull trilist        0/0               0/0        ( 0.0%) 
detail props          [variable]           1/12       ( 8.3%) 
static props          [variable]           1/50000    ( 0.0%) 
pakfile               [variable]     2371258/0        ( 0.0%) 
physics               [variable]      182556/4194304  ( 4.4%) 
physics terrain       [variable]           2/1048576  ( 0.0%) 

Level flags = 2

Total triangle count: 4565
Writing c:\program files\steam\steamapps\sourcemods\alienswarmdirectormod\maps\customOuput3.bsp
9 seconds elapsed
