PRT1
54
93
4 0 3 (3552 -4096 2016 ) (3072 -4096 2016 ) (3072 -4096 -2016 ) (3552 -4096 -2016 ) 
4 0 1 (3072 -4096 -2016 ) (3072 -4096 2016 ) (3072 -3872 2016 ) (3072 -3872 -2016 ) 
4 1 6 (3072 -4096 -2016 ) (3072 -4096 2016 ) (2048 -4096 2016 ) (2048 -4096 -2016 ) 
4 1 2 (2048 -4096 -2016 ) (2048 -4096 2016 ) (2048 -3872 2016 ) (2048 -3872 -2016 ) 
4 2 12 (1024 -4096 -2016 ) (1024 -4096 2016 ) (1024 -3872 2016 ) (1024 -3872 -2016 ) 
4 2 7 (2048 -4096 -2016 ) (2048 -4096 2016 ) (1024 -4096 2016 ) (1024 -4096 -2016 ) 
4 3 6 (3072 -4096 2016 ) (3072 -4096 -2016 ) (3072 -5120 -2016 ) (3072 -5120 2016 ) 
4 3 4 (3552 -5120 2016 ) (3072 -5120 2016 ) (3072 -5120 -2016 ) (3552 -5120 -2016 ) 
4 4 8 (3072 -6144 -2016 ) (3072 -6144 2016 ) (3072 -5120 2016 ) (3072 -5120 -2016 ) 
4 4 5 (3072 -6144 2016 ) (3072 -6144 -2016 ) (3552 -6144 -2016 ) (3552 -6144 2016 ) 
4 5 24 (3552 -7168 2016 ) (3072 -7168 2016 ) (3072 -7168 -2016 ) (3552 -7168 -2016 ) 
4 5 10 (3072 -7168 -2016 ) (3072 -7168 2016 ) (3072 -6144 2016 ) (3072 -6144 -2016 ) 
4 6 8 (3072 -5120 -2016 ) (3072 -5120 2016 ) (2048 -5120 2016 ) (2048 -5120 -2016 ) 
4 6 7 (2048 -4096 2016 ) (2048 -4096 -2016 ) (2048 -5120 -2016 ) (2048 -5120 2016 ) 
4 7 15 (1024 -5120 -2016 ) (1024 -5120 2016 ) (1024 -4096 2016 ) (1024 -4096 -2016 ) 
4 7 9 (2048 -5120 -2016 ) (2048 -5120 2016 ) (1024 -5120 2016 ) (1024 -5120 -2016 ) 
4 8 10 (3072 -6144 -2016 ) (3072 -6144 2016 ) (2048 -6144 2016 ) (2048 -6144 -2016 ) 
4 8 9 (2048 -6144 -2016 ) (2048 -6144 2016 ) (2048 -5120 2016 ) (2048 -5120 -2016 ) 
4 9 17 (1024 -6144 -2016 ) (1024 -6144 2016 ) (1024 -5120 2016 ) (1024 -5120 -2016 ) 
4 9 11 (1024 -6144 2016 ) (1024 -6144 -2016 ) (2048 -6144 -2016 ) (2048 -6144 2016 ) 
4 10 27 (3072 -7168 -2016 ) (3072 -7168 2016 ) (2048 -7168 2016 ) (2048 -7168 -2016 ) 
4 10 11 (2048 -6144 2016 ) (2048 -6144 -2016 ) (2048 -7168 -2016 ) (2048 -7168 2016 ) 
4 11 28 (2048 -7168 -2016 ) (2048 -7168 2016 ) (1024 -7168 2016 ) (1024 -7168 -2016 ) 
4 11 19 (1024 -7168 -2016 ) (1024 -7168 2016 ) (1024 -6144 2016 ) (1024 -6144 -2016 ) 
4 12 15 (1024 -4096 -2016 ) (1024 -4096 2016 ) (0 -4096 2016 ) (0 -4096 -2016 ) 
4 12 13 (0 -4096 -2016 ) (0 -4096 2016 ) (0 -3872 2016 ) (0 -3872 -2016 ) 
4 13 16 (0 -4096 -2016 ) (0 -4096 2016 ) (-1024 -4096 2016 ) (-1024 -4096 -2016 ) 
4 13 14 (-1024 -4096 -2016 ) (-1024 -4096 2016 ) (-1024 -3872 2016 ) (-1024 -3872 -2016 ) 
4 14 21 (-1024 -4096 -2016 ) (-1024 -4096 2016 ) (-1504 -4096 2016 ) (-1504 -4096 -2016 ) 
4 15 17 (1024 -5120 -2016 ) (1024 -5120 2016 ) (0 -5120 2016 ) (0 -5120 -2016 ) 
4 15 16 (0 -4096 2016 ) (0 -4096 -2016 ) (0 -5120 -2016 ) (0 -5120 2016 ) 
4 16 21 (-1024 -4096 2016 ) (-1024 -4096 -2016 ) (-1024 -5120 -2016 ) (-1024 -5120 2016 ) 
4 16 18 (0 -5120 -2016 ) (0 -5120 2016 ) (-1024 -5120 2016 ) (-1024 -5120 -2016 ) 
4 17 19 (1024 -6144 -2016 ) (1024 -6144 2016 ) (0 -6144 2016 ) (0 -6144 -2016 ) 
4 17 18 (0 -6144 -2016 ) (0 -6144 2016 ) (0 -5120 2016 ) (0 -5120 -2016 ) 
4 18 22 (-1024 -6144 -2016 ) (-1024 -6144 2016 ) (-1024 -5120 2016 ) (-1024 -5120 -2016 ) 
4 18 20 (-1024 -6144 2016 ) (-1024 -6144 -2016 ) (0 -6144 -2016 ) (0 -6144 2016 ) 
4 19 39 (1024 -7168 -2016 ) (1024 -7168 2016 ) (0 -7168 2016 ) (0 -7168 -2016 ) 
4 19 20 (0 -6144 2016 ) (0 -6144 -2016 ) (0 -7168 -2016 ) (0 -7168 2016 ) 
4 20 40 (0 -7168 -2016 ) (0 -7168 2016 ) (-1024 -7168 2016 ) (-1024 -7168 -2016 ) 
4 20 23 (-1024 -7168 -2016 ) (-1024 -7168 2016 ) (-1024 -6144 2016 ) (-1024 -6144 -2016 ) 
4 21 22 (-1024 -5120 -2016 ) (-1024 -5120 2016 ) (-1504 -5120 2016 ) (-1504 -5120 -2016 ) 
4 22 23 (-1024 -6144 -2016 ) (-1024 -6144 2016 ) (-1504 -6144 2016 ) (-1504 -6144 -2016 ) 
4 23 45 (-1024 -7168 -2016 ) (-1024 -7168 2016 ) (-1504 -7168 2016 ) (-1504 -7168 -2016 ) 
4 24 27 (3072 -7168 2016 ) (3072 -7168 -2016 ) (3072 -8192 -2016 ) (3072 -8192 2016 ) 
4 24 25 (3552 -8192 2016 ) (3072 -8192 2016 ) (3072 -8192 -2016 ) (3552 -8192 -2016 ) 
4 25 29 (3072 -9216 -2016 ) (3072 -9216 2016 ) (3072 -8192 2016 ) (3072 -8192 -2016 ) 
4 25 26 (3072 -9216 2016 ) (3072 -9216 -2016 ) (3552 -9216 -2016 ) (3552 -9216 2016 ) 
4 26 33 (3552 -10240 2016 ) (3072 -10240 2016 ) (3072 -10240 -2016 ) (3552 -10240 -2016 ) 
4 26 31 (3072 -10240 -2016 ) (3072 -10240 2016 ) (3072 -9216 2016 ) (3072 -9216 -2016 ) 
4 27 29 (3072 -8192 -2016 ) (3072 -8192 2016 ) (2048 -8192 2016 ) (2048 -8192 -2016 ) 
4 27 28 (2048 -7168 2016 ) (2048 -7168 -2016 ) (2048 -8192 -2016 ) (2048 -8192 2016 ) 
4 28 39 (1024 -7168 2016 ) (1024 -7168 -2016 ) (1024 -8192 -2016 ) (1024 -8192 2016 ) 
4 28 30 (2048 -8192 -2016 ) (2048 -8192 2016 ) (1024 -8192 2016 ) (1024 -8192 -2016 ) 
4 29 31 (3072 -9216 -2016 ) (3072 -9216 2016 ) (2048 -9216 2016 ) (2048 -9216 -2016 ) 
4 29 30 (2048 -9216 -2016 ) (2048 -9216 2016 ) (2048 -8192 2016 ) (2048 -8192 -2016 ) 
4 30 41 (1024 -9216 -2016 ) (1024 -9216 2016 ) (1024 -8192 2016 ) (1024 -8192 -2016 ) 
4 30 32 (1024 -9216 2016 ) (1024 -9216 -2016 ) (2048 -9216 -2016 ) (2048 -9216 2016 ) 
4 31 35 (3072 -10240 -2016 ) (3072 -10240 2016 ) (2048 -10240 2016 ) (2048 -10240 -2016 ) 
4 31 32 (2048 -9216 2016 ) (2048 -9216 -2016 ) (2048 -10240 -2016 ) (2048 -10240 2016 ) 
4 32 43 (1024 -10240 -2016 ) (1024 -10240 2016 ) (1024 -9216 2016 ) (1024 -9216 -2016 ) 
4 32 36 (2048 -10240 -2016 ) (2048 -10240 2016 ) (1024 -10240 2016 ) (1024 -10240 -2016 ) 
4 33 35 (3072 -10240 2016 ) (3072 -10240 -2016 ) (3072 -11264 -2016 ) (3072 -11264 2016 ) 
4 33 34 (3552 -11264 2016 ) (3072 -11264 2016 ) (3072 -11264 -2016 ) (3552 -11264 -2016 ) 
4 34 37 (3072 -11488 2016 ) (3072 -11264 2016 ) (3072 -11264 -2016 ) (3072 -11488 -2016 ) 
4 35 37 (3072 -11264 -2016 ) (3072 -11264 2016 ) (2048 -11264 2016 ) (2048 -11264 -2016 ) 
4 35 36 (2048 -10240 2016 ) (2048 -10240 -2016 ) (2048 -11264 -2016 ) (2048 -11264 2016 ) 
4 36 48 (1024 -11264 -2016 ) (1024 -11264 2016 ) (1024 -10240 2016 ) (1024 -10240 -2016 ) 
4 36 38 (2048 -11264 -2016 ) (2048 -11264 2016 ) (1024 -11264 2016 ) (1024 -11264 -2016 ) 
4 37 38 (2048 -11488 2016 ) (2048 -11264 2016 ) (2048 -11264 -2016 ) (2048 -11488 -2016 ) 
4 38 50 (1024 -11488 2016 ) (1024 -11264 2016 ) (1024 -11264 -2016 ) (1024 -11488 -2016 ) 
4 39 41 (1024 -8192 -2016 ) (1024 -8192 2016 ) (0 -8192 2016 ) (0 -8192 -2016 ) 
4 39 40 (0 -7168 2016 ) (0 -7168 -2016 ) (0 -8192 -2016 ) (0 -8192 2016 ) 
4 40 45 (-1024 -7168 2016 ) (-1024 -7168 -2016 ) (-1024 -8192 -2016 ) (-1024 -8192 2016 ) 
4 40 42 (0 -8192 -2016 ) (0 -8192 2016 ) (-1024 -8192 2016 ) (-1024 -8192 -2016 ) 
4 41 43 (1024 -9216 -2016 ) (1024 -9216 2016 ) (0 -9216 2016 ) (0 -9216 -2016 ) 
4 41 42 (0 -9216 -2016 ) (0 -9216 2016 ) (0 -8192 2016 ) (0 -8192 -2016 ) 
4 42 46 (-1024 -9216 -2016 ) (-1024 -9216 2016 ) (-1024 -8192 2016 ) (-1024 -8192 -2016 ) 
4 42 44 (-1024 -9216 2016 ) (-1024 -9216 -2016 ) (0 -9216 -2016 ) (0 -9216 2016 ) 
4 43 48 (1024 -10240 -2016 ) (1024 -10240 2016 ) (0 -10240 2016 ) (0 -10240 -2016 ) 
4 43 44 (0 -9216 2016 ) (0 -9216 -2016 ) (0 -10240 -2016 ) (0 -10240 2016 ) 
4 44 49 (0 -10240 -2016 ) (0 -10240 2016 ) (-1024 -10240 2016 ) (-1024 -10240 -2016 ) 
4 44 47 (-1024 -10240 -2016 ) (-1024 -10240 2016 ) (-1024 -9216 2016 ) (-1024 -9216 -2016 ) 
4 45 46 (-1024 -8192 -2016 ) (-1024 -8192 2016 ) (-1504 -8192 2016 ) (-1504 -8192 -2016 ) 
4 46 47 (-1024 -9216 -2016 ) (-1024 -9216 2016 ) (-1504 -9216 2016 ) (-1504 -9216 -2016 ) 
4 47 52 (-1024 -10240 -2016 ) (-1024 -10240 2016 ) (-1504 -10240 2016 ) (-1504 -10240 -2016 ) 
4 48 50 (1024 -11264 -2016 ) (1024 -11264 2016 ) (0 -11264 2016 ) (0 -11264 -2016 ) 
4 48 49 (0 -10240 2016 ) (0 -10240 -2016 ) (0 -11264 -2016 ) (0 -11264 2016 ) 
4 49 52 (-1024 -10240 2016 ) (-1024 -10240 -2016 ) (-1024 -11264 -2016 ) (-1024 -11264 2016 ) 
4 49 51 (0 -11264 -2016 ) (0 -11264 2016 ) (-1024 -11264 2016 ) (-1024 -11264 -2016 ) 
4 50 51 (0 -11488 2016 ) (0 -11264 2016 ) (0 -11264 -2016 ) (0 -11488 -2016 ) 
4 51 53 (-1024 -11488 2016 ) (-1024 -11264 2016 ) (-1024 -11264 -2016 ) (-1024 -11488 -2016 ) 
4 52 53 (-1024 -11264 -2016 ) (-1024 -11264 2016 ) (-1504 -11264 2016 ) (-1504 -11264 -2016 ) 
