PRT1
12
17
4 0 3 (1046.719971 2048 640 ) (1024 2048 640 ) (1024 2048 -320 ) (1046.719971 2048 -320 ) 
4 0 1 (1024 2048 -320 ) (1024 2048 640 ) (1024 3040 640 ) (1024 3040 -320 ) 
4 1 6 (1024 2048 -320 ) (1024 2048 640 ) (0 2048 640 ) (0 2048 -320 ) 
4 1 2 (0 2048 -320 ) (0 2048 640 ) (0 3040 640 ) (0 3040 -320 ) 
4 2 8 (0 2048 -320 ) (0 2048 640 ) (-461.718994 2048 640 ) (-461.718994 2048 -320 ) 
4 3 6 (1024 2048 640 ) (1024 2048 -320 ) (1024 1024 -320 ) (1024 1024 640 ) 
4 3 4 (1024 1024 640 ) (1024 1024 -320 ) (1046.719971 1024 -320 ) (1046.719971 1024 640 ) 
4 4 7 (1024 0 -320 ) (1024 0 640 ) (1024 1024 640 ) (1024 1024 -320 ) 
4 4 5 (1046.719971 0 640 ) (1024 0 640 ) (1024 0 -320 ) (1046.719971 0 -320 ) 
4 5 10 (1024 -992 640 ) (1024 0 640 ) (1024 0 -320 ) (1024 -992 -320 ) 
4 6 8 (0 2048 640 ) (0 2048 -320 ) (0 1024 -320 ) (0 1024 640 ) 
4 6 7 (1024 1024 -320 ) (1024 1024 640 ) (0 1024 640 ) (0 1024 -320 ) 
4 7 10 (1024 0 -320 ) (1024 0 640 ) (0 0 640 ) (0 0 -320 ) 
4 7 9 (0 0 -320 ) (0 0 640 ) (0 1024 640 ) (0 1024 -320 ) 
4 8 9 (0 1024 -320 ) (0 1024 640 ) (-461.718994 1024 640 ) (-461.718994 1024 -320 ) 
4 9 11 (0 0 -320 ) (0 0 640 ) (-461.718994 0 640 ) (-461.718994 0 -320 ) 
4 10 11 (0 0 640 ) (0 0 -320 ) (0 -992 -320 ) (0 -992 640 ) 
