


materialPath: C:\Program Files\Steam\SteamApps\sourcemods\alienswarmdirectormod\materials
Error opening C:\Program Files\Steam\SteamApps\sourcemods\alienswarmdirectormod\maps\customOuput.vmf: File C:\Program Files\Steam\SteamApps\sourcemods\alienswarmdirectormod\maps\customOuput.vmf, line 1: No such file or directory.



4 threads
reading c:\program files\steam\steamapps\sourcemods\alienswarmdirectormod\maps\customOuput.bsp
Error opening c:\program files\steam\steamapps\sourcemods\alienswarmdirectormod\maps\customOuput.bsp


[Reading texlights from 'lights.rad']
[45 texlights parsed from 'lights.rad']

Loading c:\program files\steam\steamapps\sourcemods\alienswarmdirectormod\maps\customOuput.bsp
Error opening c:\program files\steam\steamapps\sourcemods\alienswarmdirectormod\maps\customOuput.bsp


materialPath: C:\Program Files\Steam\SteamApps\sourcemods\alienswarmdirectormod\materials
Loading C:\Program Files\Steam\SteamApps\sourcemods\alienswarmdirectormod\maps\customOuput.vmf
Material not found!: DEV/DEV_MEASUREWALL01A
fixing up env_cubemap materials on brush sides...
0...1...2...3...4...5...6...7...8...9...100...1...2...3...4...5...6...7...8...9...10Processing areas...done (0)
Building Faces...done (0)
Chop Details...done (0)
Find Visible Detail Sides...
Merged 288 detail faces...done (0)
Merging details...done (0)
FixTjuncs...
PruneNodes...
WriteBSP...
done (0)
writing C:\Program Files\Steam\SteamApps\sourcemods\alienswarmdirectormod\maps\customOuput.prt...Building visibility clusters...
done (0)
Finding displacement neighbors...
Finding lightmap sample positions...
Displacement Alpha : 0...1...2...3...4...5...6...7...8...9...10
Building Physics collision data...
done (0) (190270 bytes)
Error! prop_static using model "models/props/vents/vent_01/vent_01.mdl", which must be used on a dynamic entity (i.e. prop_physics). Deleted.
Error loading studio model "models/props/vents/vent_01/vent_01.mdl"!
Placing detail props : 0...1...2...3...4...5...6...7...8...9...10
Compacting texture/material tables...
Reduced 1496 texinfos to 691
Reduced 32 texdatas to 26 (768 bytes to 582)
Writing C:\Program Files\Steam\SteamApps\sourcemods\alienswarmdirectormod\maps\customOuput.bsp
1 second elapsed



4 threads
reading c:\program files\steam\steamapps\sourcemods\alienswarmdirectormod\maps\customOuput.bsp
reading c:\program files\steam\steamapps\sourcemods\alienswarmdirectormod\maps\customOuput.prt
  42 portalclusters
  71 numportals
0...1...2...3...4...5...6...7...8...9...100...1...2...3...4...5...6...7...8...9...10Optimized: 22 visible clusters (0.00%)
Total clusters visible: 960
Average clusters visible: 22
Building PAS...
Average clusters audible: 40
visdatasize:869  compressed from 672
writing c:\program files\steam\steamapps\sourcemods\alienswarmdirectormod\maps\customOuput.bsp
0 seconds elapsed



[Reading texlights from 'lights.rad']
[45 texlights parsed from 'lights.rad']

Loading c:\program files\steam\steamapps\sourcemods\alienswarmdirectormod\maps\customOuput.bsp
1629 faces
1 degenerate faces
1512778 square feet [217840128.00 square inches]
0 Displacements
0 Square Feet [0.00 Square Inches]
28 direct lights
0...1...2...3...4...5...6...7...8...9...10Build Patch/Sample Hash Table(s).....Done<0.0164 sec>
0...1...2...3...4...5...6...7...8...9...10FinalLightFace Done
0 of 0 (0% of) surface lights went in leaf ambient cubes.
0...1...2...3...4...5...6...7...8...9...10Writing leaf ambient...done
Computing static prop lighting : 00...1...2...3...4...5...6...7...8...9...10
Ready to Finish

Object names       Objects/Maxobjs  Memory / Maxmem  Fullness 
------------       ---------------  ---------------  -------- 
models                  52/1024         2496/49152    ( 5.1%) 
brushes                461/8192         5532/98304    ( 5.6%) 
brushsides            2975/65536       23800/524288   ( 4.5%) 
planes                1814/65536       36280/1310720  ( 2.8%) 
vertexes              3096/65536       37152/786432   ( 4.7%) 
nodes                  479/65536       15328/2097152  ( 0.7%) 
texinfos               691/12288       49752/884736   ( 5.6%) 
texdata                 26/2048          832/65536    ( 1.3%) 
dispinfos                0/0               0/0        ( 0.0%) 
disp_verts               0/0               0/0        ( 0.0%) 
disp_tris                0/0               0/0        ( 0.0%) 
disp_multiblend          0/0               0/0        ( 0.0%) 
disp_lmsamples           0/0               0/0        ( 0.0%) 
faces                 1629/65536       91224/3670016  ( 2.5%) 
hdr faces             1629/65536       91224/3670016  ( 2.5%) 
origfaces             1297/65536       72632/3670016  ( 2.0%) 
leaves                 532/65536       17024/2097152  ( 0.8%) 
leaffaces             1762/65536        3524/131072   ( 2.7%) 
leafbrushes            641/65536        1282/131072   ( 1.0%) 
areas                    2/256            16/2048     ( 0.8%) 
surfedges            13279/512000      53116/2048000  ( 2.6%) 
edges                 8457/256000      33828/1024000  ( 3.3%) 
LDR worldlights          0/8192            0/819200   ( 0.0%) 
HDR worldlights         28/8192         2800/819200   ( 0.3%) 
leafwaterdata            0/32768           0/393216   ( 0.0%) 
waterstrips            174/32768        1740/327680   ( 0.5%) 
waterverts               0/65536           0/786432   ( 0.0%) 
waterindices          3303/65536        6606/131072   ( 5.0%) 
cubemapsamples           0/1024            0/16384    ( 0.0%) 
overlays                18/512          6336/180224   ( 3.5%) 
LDR lightdata         [variable]           0/0        ( 0.0%) 
HDR lightdata         [variable]     4501640/0        ( 0.0%) 
visdata               [variable]         869/16777216 ( 0.0%) 
entdata               [variable]      121699/393216   (30.9%) 
LDR ambient table      532/65536        2128/262144   ( 0.8%) 
HDR ambient table      532/65536        2128/262144   ( 0.8%) 
LDR leaf ambient       532/65536       14896/1835008  ( 0.8%) 
HDR leaf ambient       669/65536       18732/1835008  ( 1.0%) 
occluders                0/0               0/0        ( 0.0%) 
occluder polygons        0/0               0/0        ( 0.0%) 
occluder vert ind        0/0               0/0        ( 0.0%) 
Prop Hull Verts          0/0               0/0        ( 0.0%) 
Prop Hull Blob           0/0               0/0        ( 0.0%) 
Prop Hull Lists          0/0               0/0        ( 0.0%) 
Prop Hulls               0/0               0/0        ( 0.0%) 
Prop Hull trilist        0/0               0/0        ( 0.0%) 
detail props          [variable]           1/12       ( 8.3%) 
static props          [variable]           1/52176    ( 0.0%) 
pakfile               [variable]     2617327/0        ( 0.0%) 
physics               [variable]      190270/4194304  ( 4.5%) 
physics terrain       [variable]           2/1048576  ( 0.0%) 

Level flags = 2

Total triangle count: 4771
Writing c:\program files\steam\steamapps\sourcemods\alienswarmdirectormod\maps\customOuput.bsp
12 seconds elapsed
