PRT1
42
71
4 0 3 (5856 -6144 2016 ) (5120 -6144 2016 ) (5120 -6144 -2016 ) (5856 -6144 -2016 ) 
4 0 1 (5120 -6144 -2016 ) (5120 -6144 2016 ) (5120 -5408 2016 ) (5120 -5408 -2016 ) 
4 1 5 (5120 -6144 -2016 ) (5120 -6144 2016 ) (4096 -6144 2016 ) (4096 -6144 -2016 ) 
4 1 2 (4096 -6144 -2016 ) (4096 -6144 2016 ) (4096 -5408 2016 ) (4096 -5408 -2016 ) 
4 2 18 (3072 -6144 -2016 ) (3072 -6144 2016 ) (3072 -5408 2016 ) (3072 -5408 -2016 ) 
4 2 6 (3072 -6144 2016 ) (3072 -6144 -2016 ) (4096 -6144 -2016 ) (4096 -6144 2016 ) 
4 3 5 (5120 -6144 2016 ) (5120 -6144 -2016 ) (5120 -7168 -2016 ) (5120 -7168 2016 ) 
4 3 4 (5856 -7168 2016 ) (5120 -7168 2016 ) (5120 -7168 -2016 ) (5856 -7168 -2016 ) 
4 4 9 (5856 -8192 2016 ) (5120 -8192 2016 ) (5120 -8192 -2016 ) (5856 -8192 -2016 ) 
4 4 7 (5120 -8192 -2016 ) (5120 -8192 2016 ) (5120 -7168 2016 ) (5120 -7168 -2016 ) 
4 5 7 (5120 -7168 -2016 ) (5120 -7168 2016 ) (4096 -7168 2016 ) (4096 -7168 -2016 ) 
4 5 6 (4096 -6144 2016 ) (4096 -6144 -2016 ) (4096 -7168 -2016 ) (4096 -7168 2016 ) 
4 6 20 (3072 -7168 -2016 ) (3072 -7168 2016 ) (3072 -6144 2016 ) (3072 -6144 -2016 ) 
4 6 8 (3072 -7168 2016 ) (3072 -7168 -2016 ) (4096 -7168 -2016 ) (4096 -7168 2016 ) 
4 7 11 (5120 -8192 -2016 ) (5120 -8192 2016 ) (4096 -8192 2016 ) (4096 -8192 -2016 ) 
4 7 8 (4096 -7168 2016 ) (4096 -7168 -2016 ) (4096 -8192 -2016 ) (4096 -8192 2016 ) 
4 8 22 (3072 -8192 -2016 ) (3072 -8192 2016 ) (3072 -7168 2016 ) (3072 -7168 -2016 ) 
4 8 12 (4096 -8192 -2016 ) (4096 -8192 2016 ) (3072 -8192 2016 ) (3072 -8192 -2016 ) 
4 9 11 (5120 -9216 -2016 ) (5120 -9216 2016 ) (5120 -8192 2016 ) (5120 -8192 -2016 ) 
4 9 10 (5856 -9216 2016 ) (5120 -9216 2016 ) (5120 -9216 -2016 ) (5856 -9216 -2016 ) 
4 10 15 (5856 -10240 2016 ) (5120 -10240 2016 ) (5120 -10240 -2016 ) (5856 -10240 -2016 ) 
4 10 13 (5120 -10240 -2016 ) (5120 -10240 2016 ) (5120 -9216 2016 ) (5120 -9216 -2016 ) 
4 11 13 (5120 -9216 -2016 ) (5120 -9216 2016 ) (4096 -9216 2016 ) (4096 -9216 -2016 ) 
4 11 12 (4096 -9216 -2016 ) (4096 -9216 2016 ) (4096 -8192 2016 ) (4096 -8192 -2016 ) 
4 12 30 (3072 -9216 -2016 ) (3072 -9216 2016 ) (3072 -8192 2016 ) (3072 -8192 -2016 ) 
4 12 14 (3072 -9216 2016 ) (3072 -9216 -2016 ) (4096 -9216 -2016 ) (4096 -9216 2016 ) 
4 13 16 (5120 -10240 -2016 ) (5120 -10240 2016 ) (4096 -10240 2016 ) (4096 -10240 -2016 ) 
4 13 14 (4096 -9216 2016 ) (4096 -9216 -2016 ) (4096 -10240 -2016 ) (4096 -10240 2016 ) 
4 14 32 (3072 -10240 -2016 ) (3072 -10240 2016 ) (3072 -9216 2016 ) (3072 -9216 -2016 ) 
4 14 17 (3072 -10240 2016 ) (3072 -10240 -2016 ) (4096 -10240 -2016 ) (4096 -10240 2016 ) 
4 15 16 (5120 -10240 2016 ) (5120 -10240 -2016 ) (5120 -10976 -2016 ) (5120 -10976 2016 ) 
4 16 17 (4096 -10240 2016 ) (4096 -10240 -2016 ) (4096 -10976 -2016 ) (4096 -10976 2016 ) 
4 17 34 (3072 -10976 2016 ) (3072 -10240 2016 ) (3072 -10240 -2016 ) (3072 -10976 -2016 ) 
4 18 20 (3072 -6144 -2016 ) (3072 -6144 2016 ) (2048 -6144 2016 ) (2048 -6144 -2016 ) 
4 18 19 (2048 -6144 -2016 ) (2048 -6144 2016 ) (2048 -5408 2016 ) (2048 -5408 -2016 ) 
4 19 24 (1024 -6144 -2016 ) (1024 -6144 2016 ) (1024 -5408 2016 ) (1024 -5408 -2016 ) 
4 19 21 (2048 -6144 -2016 ) (2048 -6144 2016 ) (1024 -6144 2016 ) (1024 -6144 -2016 ) 
4 20 22 (3072 -7168 -2016 ) (3072 -7168 2016 ) (2048 -7168 2016 ) (2048 -7168 -2016 ) 
4 20 21 (2048 -7168 -2016 ) (2048 -7168 2016 ) (2048 -6144 2016 ) (2048 -6144 -2016 ) 
4 21 26 (1024 -7168 -2016 ) (1024 -7168 2016 ) (1024 -6144 2016 ) (1024 -6144 -2016 ) 
4 21 23 (1024 -7168 2016 ) (1024 -7168 -2016 ) (2048 -7168 -2016 ) (2048 -7168 2016 ) 
4 22 30 (3072 -8192 -2016 ) (3072 -8192 2016 ) (2048 -8192 2016 ) (2048 -8192 -2016 ) 
4 22 23 (2048 -7168 2016 ) (2048 -7168 -2016 ) (2048 -8192 -2016 ) (2048 -8192 2016 ) 
4 23 31 (2048 -8192 -2016 ) (2048 -8192 2016 ) (1024 -8192 2016 ) (1024 -8192 -2016 ) 
4 23 27 (1024 -8192 -2016 ) (1024 -8192 2016 ) (1024 -7168 2016 ) (1024 -7168 -2016 ) 
4 24 26 (1024 -6144 -2016 ) (1024 -6144 2016 ) (0 -6144 2016 ) (0 -6144 -2016 ) 
4 24 25 (0 -6144 -2016 ) (0 -6144 2016 ) (0 -5408 2016 ) (0 -5408 -2016 ) 
4 25 28 (0 -6144 -2016 ) (0 -6144 2016 ) (-992 -6144 2016 ) (-992 -6144 -2016 ) 
4 26 28 (0 -6144 2016 ) (0 -6144 -2016 ) (0 -7168 -2016 ) (0 -7168 2016 ) 
4 26 27 (1024 -7168 -2016 ) (1024 -7168 2016 ) (0 -7168 2016 ) (0 -7168 -2016 ) 
4 27 36 (1024 -8192 -2016 ) (1024 -8192 2016 ) (0 -8192 2016 ) (0 -8192 -2016 ) 
4 27 29 (0 -8192 -2016 ) (0 -8192 2016 ) (0 -7168 2016 ) (0 -7168 -2016 ) 
4 28 29 (0 -7168 -2016 ) (0 -7168 2016 ) (-992 -7168 2016 ) (-992 -7168 -2016 ) 
4 29 38 (0 -8192 -2016 ) (0 -8192 2016 ) (-992 -8192 2016 ) (-992 -8192 -2016 ) 
4 30 32 (3072 -9216 -2016 ) (3072 -9216 2016 ) (2048 -9216 2016 ) (2048 -9216 -2016 ) 
4 30 31 (2048 -9216 -2016 ) (2048 -9216 2016 ) (2048 -8192 2016 ) (2048 -8192 -2016 ) 
4 31 36 (1024 -8192 2016 ) (1024 -8192 -2016 ) (1024 -9216 -2016 ) (1024 -9216 2016 ) 
4 31 33 (1024 -9216 2016 ) (1024 -9216 -2016 ) (2048 -9216 -2016 ) (2048 -9216 2016 ) 
4 32 34 (3072 -10240 -2016 ) (3072 -10240 2016 ) (2048 -10240 2016 ) (2048 -10240 -2016 ) 
4 32 33 (2048 -9216 2016 ) (2048 -9216 -2016 ) (2048 -10240 -2016 ) (2048 -10240 2016 ) 
4 33 37 (1024 -10240 -2016 ) (1024 -10240 2016 ) (1024 -9216 2016 ) (1024 -9216 -2016 ) 
4 33 35 (2048 -10240 -2016 ) (2048 -10240 2016 ) (1024 -10240 2016 ) (1024 -10240 -2016 ) 
4 34 35 (2048 -10976 2016 ) (2048 -10240 2016 ) (2048 -10240 -2016 ) (2048 -10976 -2016 ) 
4 35 40 (1024 -10976 2016 ) (1024 -10240 2016 ) (1024 -10240 -2016 ) (1024 -10976 -2016 ) 
4 36 38 (0 -8192 2016 ) (0 -8192 -2016 ) (0 -9216 -2016 ) (0 -9216 2016 ) 
4 36 37 (1024 -9216 -2016 ) (1024 -9216 2016 ) (0 -9216 2016 ) (0 -9216 -2016 ) 
4 37 40 (1024 -10240 -2016 ) (1024 -10240 2016 ) (0 -10240 2016 ) (0 -10240 -2016 ) 
4 37 39 (0 -10240 -2016 ) (0 -10240 2016 ) (0 -9216 2016 ) (0 -9216 -2016 ) 
4 38 39 (0 -9216 -2016 ) (0 -9216 2016 ) (-992 -9216 2016 ) (-992 -9216 -2016 ) 
4 39 41 (0 -10240 -2016 ) (0 -10240 2016 ) (-992 -10240 2016 ) (-992 -10240 -2016 ) 
4 40 41 (0 -10240 2016 ) (0 -10240 -2016 ) (0 -10976 -2016 ) (0 -10976 2016 ) 
