PRT1
48
82
4 0 3 (2272 -4096 2016 ) (2048 -4096 2016 ) (2048 -4096 -2016 ) (2272 -4096 -2016 ) 
4 0 1 (2048 -4096 -2016 ) (2048 -4096 2016 ) (2048 -3872 2016 ) (2048 -3872 -2016 ) 
4 1 6 (2048 -4096 -2016 ) (2048 -4096 2016 ) (1024 -4096 2016 ) (1024 -4096 -2016 ) 
4 1 2 (1024 -4096 -2016 ) (1024 -4096 2016 ) (1024 -3872 2016 ) (1024 -3872 -2016 ) 
4 2 12 (0 -4096 -2016 ) (0 -4096 2016 ) (0 -3872 2016 ) (0 -3872 -2016 ) 
4 2 7 (1024 -4096 -2016 ) (1024 -4096 2016 ) (0 -4096 2016 ) (0 -4096 -2016 ) 
4 3 6 (2048 -4096 2016 ) (2048 -4096 -2016 ) (2048 -5120 -2016 ) (2048 -5120 2016 ) 
4 3 4 (2272 -5120 2016 ) (2048 -5120 2016 ) (2048 -5120 -2016 ) (2272 -5120 -2016 ) 
4 4 8 (2048 -6144 -2016 ) (2048 -6144 2016 ) (2048 -5120 2016 ) (2048 -5120 -2016 ) 
4 4 5 (2048 -6144 2016 ) (2048 -6144 -2016 ) (2272 -6144 -2016 ) (2272 -6144 2016 ) 
4 5 24 (2272 -7168 2016 ) (2048 -7168 2016 ) (2048 -7168 -2016 ) (2272 -7168 -2016 ) 
4 5 10 (2048 -7168 -2016 ) (2048 -7168 2016 ) (2048 -6144 2016 ) (2048 -6144 -2016 ) 
4 6 8 (2048 -5120 -2016 ) (2048 -5120 2016 ) (1024 -5120 2016 ) (1024 -5120 -2016 ) 
4 6 7 (1024 -4096 2016 ) (1024 -4096 -2016 ) (1024 -5120 -2016 ) (1024 -5120 2016 ) 
4 7 15 (0 -5120 -2016 ) (0 -5120 2016 ) (0 -4096 2016 ) (0 -4096 -2016 ) 
4 7 9 (1024 -5120 -2016 ) (1024 -5120 2016 ) (0 -5120 2016 ) (0 -5120 -2016 ) 
4 8 10 (2048 -6144 -2016 ) (2048 -6144 2016 ) (1024 -6144 2016 ) (1024 -6144 -2016 ) 
4 8 9 (1024 -6144 -2016 ) (1024 -6144 2016 ) (1024 -5120 2016 ) (1024 -5120 -2016 ) 
4 9 17 (0 -6144 -2016 ) (0 -6144 2016 ) (0 -5120 2016 ) (0 -5120 -2016 ) 
4 9 11 (0 -6144 2016 ) (0 -6144 -2016 ) (1024 -6144 -2016 ) (1024 -6144 2016 ) 
4 10 26 (2048 -7168 -2016 ) (2048 -7168 2016 ) (1024 -7168 2016 ) (1024 -7168 -2016 ) 
4 10 11 (1024 -6144 2016 ) (1024 -6144 -2016 ) (1024 -7168 -2016 ) (1024 -7168 2016 ) 
4 11 27 (1024 -7168 -2016 ) (1024 -7168 2016 ) (0 -7168 2016 ) (0 -7168 -2016 ) 
4 11 19 (0 -7168 -2016 ) (0 -7168 2016 ) (0 -6144 2016 ) (0 -6144 -2016 ) 
4 12 15 (0 -4096 -2016 ) (0 -4096 2016 ) (-1024 -4096 2016 ) (-1024 -4096 -2016 ) 
4 12 13 (-1024 -4096 -2016 ) (-1024 -4096 2016 ) (-1024 -3872 2016 ) (-1024 -3872 -2016 ) 
4 13 16 (-1024 -4096 -2016 ) (-1024 -4096 2016 ) (-2048 -4096 2016 ) (-2048 -4096 -2016 ) 
4 13 14 (-2048 -4096 -2016 ) (-2048 -4096 2016 ) (-2048 -3872 2016 ) (-2048 -3872 -2016 ) 
4 14 21 (-2048 -4096 -2016 ) (-2048 -4096 2016 ) (-2528 -4096 2016 ) (-2528 -4096 -2016 ) 
4 15 17 (0 -5120 -2016 ) (0 -5120 2016 ) (-1024 -5120 2016 ) (-1024 -5120 -2016 ) 
4 15 16 (-1024 -4096 2016 ) (-1024 -4096 -2016 ) (-1024 -5120 -2016 ) (-1024 -5120 2016 ) 
4 16 21 (-2048 -4096 2016 ) (-2048 -4096 -2016 ) (-2048 -5120 -2016 ) (-2048 -5120 2016 ) 
4 16 18 (-1024 -5120 -2016 ) (-1024 -5120 2016 ) (-2048 -5120 2016 ) (-2048 -5120 -2016 ) 
4 17 19 (0 -6144 -2016 ) (0 -6144 2016 ) (-1024 -6144 2016 ) (-1024 -6144 -2016 ) 
4 17 18 (-1024 -6144 -2016 ) (-1024 -6144 2016 ) (-1024 -5120 2016 ) (-1024 -5120 -2016 ) 
4 18 22 (-2048 -6144 -2016 ) (-2048 -6144 2016 ) (-2048 -5120 2016 ) (-2048 -5120 -2016 ) 
4 18 20 (-2048 -6144 2016 ) (-2048 -6144 -2016 ) (-1024 -6144 -2016 ) (-1024 -6144 2016 ) 
4 19 36 (0 -7168 -2016 ) (0 -7168 2016 ) (-1024 -7168 2016 ) (-1024 -7168 -2016 ) 
4 19 20 (-1024 -6144 2016 ) (-1024 -6144 -2016 ) (-1024 -7168 -2016 ) (-1024 -7168 2016 ) 
4 20 37 (-1024 -7168 -2016 ) (-1024 -7168 2016 ) (-2048 -7168 2016 ) (-2048 -7168 -2016 ) 
4 20 23 (-2048 -7168 -2016 ) (-2048 -7168 2016 ) (-2048 -6144 2016 ) (-2048 -6144 -2016 ) 
4 21 22 (-2048 -5120 -2016 ) (-2048 -5120 2016 ) (-2528 -5120 2016 ) (-2528 -5120 -2016 ) 
4 22 23 (-2048 -6144 -2016 ) (-2048 -6144 2016 ) (-2528 -6144 2016 ) (-2528 -6144 -2016 ) 
4 23 40 (-2048 -7168 -2016 ) (-2048 -7168 2016 ) (-2528 -7168 2016 ) (-2528 -7168 -2016 ) 
4 24 26 (2048 -7168 2016 ) (2048 -7168 -2016 ) (2048 -8192 -2016 ) (2048 -8192 2016 ) 
4 24 25 (2272 -8192 2016 ) (2048 -8192 2016 ) (2048 -8192 -2016 ) (2272 -8192 -2016 ) 
4 25 30 (2272 -9216 2016 ) (2048 -9216 2016 ) (2048 -9216 -2016 ) (2272 -9216 -2016 ) 
4 25 28 (2048 -9216 -2016 ) (2048 -9216 2016 ) (2048 -8192 2016 ) (2048 -8192 -2016 ) 
4 26 28 (2048 -8192 -2016 ) (2048 -8192 2016 ) (1024 -8192 2016 ) (1024 -8192 -2016 ) 
4 26 27 (1024 -7168 2016 ) (1024 -7168 -2016 ) (1024 -8192 -2016 ) (1024 -8192 2016 ) 
4 27 36 (0 -7168 2016 ) (0 -7168 -2016 ) (0 -8192 -2016 ) (0 -8192 2016 ) 
4 27 29 (1024 -8192 -2016 ) (1024 -8192 2016 ) (0 -8192 2016 ) (0 -8192 -2016 ) 
4 28 32 (2048 -9216 -2016 ) (2048 -9216 2016 ) (1024 -9216 2016 ) (1024 -9216 -2016 ) 
4 28 29 (1024 -8192 2016 ) (1024 -8192 -2016 ) (1024 -9216 -2016 ) (1024 -9216 2016 ) 
4 29 38 (0 -9216 -2016 ) (0 -9216 2016 ) (0 -8192 2016 ) (0 -8192 -2016 ) 
4 29 33 (1024 -9216 -2016 ) (1024 -9216 2016 ) (0 -9216 2016 ) (0 -9216 -2016 ) 
4 30 32 (2048 -9216 2016 ) (2048 -9216 -2016 ) (2048 -10240 -2016 ) (2048 -10240 2016 ) 
4 30 31 (2272 -10240 2016 ) (2048 -10240 2016 ) (2048 -10240 -2016 ) (2272 -10240 -2016 ) 
4 31 34 (2048 -11232 2016 ) (2048 -10240 2016 ) (2048 -10240 -2016 ) (2048 -11232 -2016 ) 
4 32 34 (2048 -10240 -2016 ) (2048 -10240 2016 ) (1024 -10240 2016 ) (1024 -10240 -2016 ) 
4 32 33 (1024 -9216 2016 ) (1024 -9216 -2016 ) (1024 -10240 -2016 ) (1024 -10240 2016 ) 
4 33 42 (0 -10240 -2016 ) (0 -10240 2016 ) (0 -9216 2016 ) (0 -9216 -2016 ) 
4 33 35 (1024 -10240 -2016 ) (1024 -10240 2016 ) (0 -10240 2016 ) (0 -10240 -2016 ) 
4 34 35 (1024 -11232 2016 ) (1024 -10240 2016 ) (1024 -10240 -2016 ) (1024 -11232 -2016 ) 
4 35 44 (0 -11232 2016 ) (0 -10240 2016 ) (0 -10240 -2016 ) (0 -11232 -2016 ) 
4 36 38 (0 -8192 -2016 ) (0 -8192 2016 ) (-1024 -8192 2016 ) (-1024 -8192 -2016 ) 
4 36 37 (-1024 -7168 2016 ) (-1024 -7168 -2016 ) (-1024 -8192 -2016 ) (-1024 -8192 2016 ) 
4 37 40 (-2048 -7168 2016 ) (-2048 -7168 -2016 ) (-2048 -8192 -2016 ) (-2048 -8192 2016 ) 
4 37 39 (-1024 -8192 -2016 ) (-1024 -8192 2016 ) (-2048 -8192 2016 ) (-2048 -8192 -2016 ) 
4 38 42 (0 -9216 -2016 ) (0 -9216 2016 ) (-1024 -9216 2016 ) (-1024 -9216 -2016 ) 
4 38 39 (-1024 -8192 2016 ) (-1024 -8192 -2016 ) (-1024 -9216 -2016 ) (-1024 -9216 2016 ) 
4 39 43 (-1024 -9216 -2016 ) (-1024 -9216 2016 ) (-2048 -9216 2016 ) (-2048 -9216 -2016 ) 
4 39 41 (-2048 -9216 -2016 ) (-2048 -9216 2016 ) (-2048 -8192 2016 ) (-2048 -8192 -2016 ) 
4 40 41 (-2048 -8192 -2016 ) (-2048 -8192 2016 ) (-2528 -8192 2016 ) (-2528 -8192 -2016 ) 
4 41 46 (-2048 -9216 -2016 ) (-2048 -9216 2016 ) (-2528 -9216 2016 ) (-2528 -9216 -2016 ) 
4 42 44 (0 -10240 -2016 ) (0 -10240 2016 ) (-1024 -10240 2016 ) (-1024 -10240 -2016 ) 
4 42 43 (-1024 -9216 2016 ) (-1024 -9216 -2016 ) (-1024 -10240 -2016 ) (-1024 -10240 2016 ) 
4 43 46 (-2048 -9216 2016 ) (-2048 -9216 -2016 ) (-2048 -10240 -2016 ) (-2048 -10240 2016 ) 
4 43 45 (-1024 -10240 -2016 ) (-1024 -10240 2016 ) (-2048 -10240 2016 ) (-2048 -10240 -2016 ) 
4 44 45 (-1024 -11232 2016 ) (-1024 -10240 2016 ) (-1024 -10240 -2016 ) (-1024 -11232 -2016 ) 
4 45 47 (-2048 -11232 2016 ) (-2048 -10240 2016 ) (-2048 -10240 -2016 ) (-2048 -11232 -2016 ) 
4 46 47 (-2048 -10240 -2016 ) (-2048 -10240 2016 ) (-2528 -10240 2016 ) (-2528 -10240 -2016 ) 
